<?xml version="1.0" encoding="UTF-8"?>
<testsuite xmlns:xsi="http://www.w3.org/2001/XMLSchema-instance" xsi:noNamespaceSchemaLocation="https://maven.apache.org/surefire/maven-surefire-plugin/xsd/surefire-test-report-3.0.xsd" version="3.0" name="com.example.ejb.BeneficioEjbServiceTest" time="1.233" tests="12" errors="0" skipped="0" failures="0">
  <properties>
[...]
</properties>
  <testcase name="testTransfer_SaldoInsuficiente" classname="com.example.ejb.BeneficioEjbServiceTest" time="1.125"/>
  <testcase name="testTransfer_MesmoBeneficio" classname="com.example.ejb.BeneficioEjbServiceTest" time="0.005"/>
  <testcase name="testTransfer_Sucesso" classname="com.example.ejb.BeneficioEjbServiceTest" time="0.025"/>
  <testcase name="testFindById_IdNulo" classname="com.example.ejb.BeneficioEjbServiceTest" time="0.004"/>
  <testcase name="testTransfer_BeneficioOrigemNaoEncontrado" classname="com.example.ejb.BeneficioEjbServiceTest" time="0.004"/>
  <testcase name="testTransfer_BeneficioDestinoInativo" classname="com.example.ejb.BeneficioEjbServiceTest" time="0.005"/>
  <testcase name="testTransfer_ValorNegativo" classname="com.example.ejb.BeneficioEjbServiceTest" time="0.003"/>
  <testcase name="testFindById_Sucesso" classname="com.example.ejb.BeneficioEjbServiceTest" time="0.006"/>
  <testcase name="testFindById_NaoEncontrado" classname="com.example.ejb.BeneficioEjbServiceTest" time="0.005"/>
  <testcase name="testTransfer_BeneficioOrigemInativo" classname="com.example.ejb.BeneficioEjbServiceTest" time="0.004"/>
  <testcase name="testTransfer_BeneficioDestinoNaoEncontrado" classname="com.example.ejb.BeneficioEjbServiceTest" time="0.004"/>
  <testcase name="testTransfer_ValorZero" classname="com.example.ejb.BeneficioEjbServiceTest" time="0.004"/>
</testsuite>